<?xml version="1.0" encoding="UTF-8"?>
<!-- Generated by org.testng.reporters.JUnitXMLReporter -->
<testsuite ignored="8" hostname="Sriram" failures="0" tests="9" name="Test" time="49.337" errors="0" timestamp="2020-09-01T23:41:15 IST">
  <testcase classname="com.EBanking.Master.BraCreaDP" name="Bra" time="4.961"/>
  <testcase classname="com.EBanking.Master.BraCreaDP" name="Bra" time="4.767"/>
  <testcase classname="com.EBanking.Master.BraCreaDP" name="Bra" time="4.554"/>
  <testcase classname="com.EBanking.Master.RoleCreDP" name="Role" time="3.937"/>
  <testcase classname="com.EBanking.Master.RoleCreDP" name="Role" time="4.107"/>
  <testcase classname="com.EBanking.Master.RoleCreDP" name="Role" time="4.446"/>
  <testcase classname="com.EBanking.Master.EmpCreDP" name="EmpCre" time="6.35"/>
  <testcase classname="com.EBanking.Master.EmpCreDP" name="EmpCre" time="5.335"/>
  <testcase classname="com.EBanking.Master.EmpCreDP" name="EmpCre" time="9.918"/>
  <testcase classname="com.EBanking.Master.Base" name="@BeforeTest beforeTest" time="0.0">
    <ignored/>
  </testcase> <!-- @BeforeTest beforeTest -->
  <testcase classname="com.EBanking.Master.Base" name="@BeforeTest beforeTest" time="0.0">
    <ignored/>
  </testcase> <!-- @BeforeTest beforeTest -->
  <testcase classname="com.EBanking.Master.Base" name="@AfterTest afterTest" time="0.0">
    <ignored/>
  </testcase> <!-- @AfterTest afterTest -->
  <testcase classname="com.EBanking.Master.Base" name="@AfterTest afterTest" time="0.0">
    <ignored/>
  </testcase> <!-- @AfterTest afterTest -->
  <testcase classname="com.EBanking.Master.Base" name="@AfterSuite afterSuite" time="0.0">
    <ignored/>
  </testcase> <!-- @AfterSuite afterSuite -->
  <testcase classname="com.EBanking.Master.Base" name="@AfterSuite afterSuite" time="0.0">
    <ignored/>
  </testcase> <!-- @AfterSuite afterSuite -->
  <testcase classname="com.EBanking.Master.Base" name="@BeforeSuite beforeSuite" time="0.0">
    <ignored/>
  </testcase> <!-- @BeforeSuite beforeSuite -->
  <testcase classname="com.EBanking.Master.Base" name="@BeforeSuite beforeSuite" time="0.0">
    <ignored/>
  </testcase> <!-- @BeforeSuite beforeSuite -->
</testsuite> <!-- Test -->
